2024-10-08 02:21:33,215 - Secure system initialized.
2024-10-08 02:21:37,975 - Nurse role activated.
2024-10-08 02:21:39,243 - Encrypted Data: (6661724637335383250981112127972224327884009409113450914638728248982665433639599928609711785130237246276576504589589595851980294445530505878252131078088736, 3398553271077596989495027178233177188247492498091077559327117011403866998610290592439342476653822100836839707147840852877318544342714679450076427690548232)
2024-10-08 02:21:39,289 - Digital Signature: 85173e8413d639aa4f14932fb049115e05439f7022c59381d0d8438c1398a5e102f674397cc0e93a85c933343dda49e805cd4d23417ca33fbaff6bb13a0f5d4078fb01341acc2cb03b50a5eb0855494ce1bd9be56ac1f919d0870bdfa7bb0decaa95cf70d694b2e6b719b3f2ccba888adae04dd89058b1c43f6b9f3d12310dbd73a4bda4dbc06a149d054590ab0e1682888ab22ca653e3eb4fcceefae207e9ee6c08aeee0d3f93ea8991c3132d51caa87cd8a42c9db6140a9097fad46a07f4bd5b65f6443f165d78bf1b2c325f647f3d03b5a9d9a3e8520c30f9192054639dd90eabd33811e159427a80f896f20dd08b61af57226c4ce0ff41b098119b511bc4
2024-10-08 02:21:42,372 - Doctor role activated.
2024-10-08 02:21:42,374 - Signature verified successfully.
2024-10-08 02:21:55,876 - Prescription written: 3
2024-10-08 02:21:57,960 - Technician role activated.
2024-10-08 02:21:57,960 - Message Digest created: 3bafbf08882a2d10133093a1b8433f50563b93c14acd05b79028eb1d12799027241450980651994501423a66c276ae26c43b739bc65c4e16b10c3af6c202aebb
2024-10-08 02:24:20,747 - Secure system initialized.
2024-10-08 02:24:25,633 - Nurse role activated.
2024-10-08 02:24:27,196 - Encrypted Data: (6274819682433540664323572579290262210460999590587433488506352804370492216384698993739236783160230622653379131642938092210162820501649604527779798463208488, 6355969036669356470131740431850801159869501235306317003489444508955690477875459452562397090663202685212536123252917979536227565093444220757572012060080714)
2024-10-08 02:24:27,246 - Digital Signature: 67e6e604f60a3bf115b73c321e18832ce452258499b277d194f79f633554b7aea145a0ec3ab318a9b0421c2573be2e84dd995ce3bac4eb17ac8144c7ef6081ce8bcae72cfb2acf5f3282419d3fd270aec19f0f6fa58a0768cffae2409295e366d67a0e1f2b814ea8de588f6fd373055407c44eab7398cc8fd36d63b741372a4cd2796b6d776e3dd03c99577d2095e730fe155a43fd40270b6ffa87b86251cb203aab36eb67fceabe2da6cd178e2514d0727b274aaaf008d32857b13b12b0a49655f63e666af27389c5a806c10d289a0a99a93b5b70448bbfebd2adf237787756e83ee7a56e13cac9b7af2270fc526ec0cbeb57711e5cc9617b9708c959dbd12c
2024-10-08 02:24:39,265 - Doctor role activated.
2024-10-08 02:24:39,267 - Signature verified successfully.
2024-10-08 02:24:45,129 - Prescription written: r
2024-10-08 02:24:47,143 - Technician role activated.
2024-10-08 02:24:47,144 - Message Digest created: a882f0ac848b0b6b4ca7b42bfa1d266afd0ddeba9204ae57a984a69376d59816b1ef3f4d442ea8a70396067ff5b70e0ae8eab3935b617b8e366d8e35c3bfe14c
2024-10-08 02:24:52,670 - Log view activated.
2024-10-08 02:25:00,733 - Exiting the system.
2024-10-08 02:26:45,311 - Secure system initialized.
2024-10-08 02:26:49,262 - Nurse role activated.
2024-10-08 02:26:50,751 - Encrypted Data: (6455438062475977425245214660039547471068226635722582715871765423184157586322290366756509656094017644178833165135893780528346776405694863121237212952916111, 7135036561980154633516924469183242937096778644129877195480441826035702015827631425591788249637309586986030287244276531507454785823456824530131170122890239)
2024-10-08 02:26:50,795 - Digital Signature: 3f209e1ef9ef572862d048a0c784c5f6da5781ce3d5423d0fe42ab837c893027cca67a581e21a3184e153c086124da5f5d4c02957c8fb5fb6ccd64d89c8851fdf382941630e47247b56f77ea9f7d9e0db9c5fc75beb85439f77fae6bc7c2646e4e70858b9672138179e2864a3bf18b4f2f548cf05e45ed0378957d727a2be1517a94d3bfcdbc2d92feb406486fc0d909de0b659f5960f32db6bb50a2a3d78894e5fe84f1ac96ac746bcd5fd0241dc47e61b2ec5d6d8edcd370383a3c940718e97293308d54e1f31cd943ff63e20a4b37a5b0a8e80d4afb41f0f3764d6e0ed16cd96236fecc8b0507a15889d124dc82889d12118aab9d2bfb7576c0a83daf32d9
2024-10-08 02:26:59,518 - Doctor role activated.
2024-10-08 02:26:59,519 - Signature verified successfully.
2024-10-08 02:27:04,895 - Prescription written: f
2024-10-08 02:27:08,163 - Technician role activated.
2024-10-08 02:27:08,163 - Message Digest created: 711c22448e721e5491d8245b49425aa861f1fc4a15287f0735e203799b65cffec50b5abd0fddd91cd643aeb3b530d48f05e258e7e230a94ed5025c1387bb4e1b
2024-10-08 02:27:11,998 - Log view activated.
2024-10-08 02:28:59,262 - Secure system initialized.
2024-10-08 02:29:02,687 - Nurse role activated.
2024-10-08 02:29:03,767 - Encrypted Data: (10874279588337687068290741400416059678750319640206189652849531680018631066702244909268300922114827908212123454750836818888072504123935787298199166820096974, 6708746761345405354770010174972491485916104834294339005964103595472597419144179508464704298523327217042897864116394341605985085352488398961088569071439272)
2024-10-08 02:29:03,812 - Digital Signature: 208738568fbda4209c900118470e816b9c61572b7d4d451902dfe2d5133ee8a667b911c1f0ff465e99f1afc5eeb467040935802687107a03b2f48cf05cd91f761c67774ea7beb0dd21fad15c23fdf39122a3de4c21945410b56dfe771b5371cb4afbf07c7eb9125ac98730008c247b677250ba17a509b8320282532655f79c7b5f83c1401dec5bcfb1a3b23c26083730a5f6efe1f28276183b4da35c23c307d9c3c02e88e2eef1bfc8233534d956976d702d4f55288636260ab0ef65211548341c47e056b8ed65d909d8ed210bc731fc7778cdcf6abbc65c4fc5373dba69e539ae5f9136b2048ef01b1666e046bc9a628387b8e5f15a4613b8f85e7c8d166650
2024-10-08 02:29:11,406 - Doctor role activated.
2024-10-08 02:29:11,408 - Signature verified successfully.
2024-10-08 02:29:13,786 - Prescription written: ef
2024-10-08 02:29:15,332 - Technician role activated.
2024-10-08 02:29:15,332 - Message Digest created: 4ca669ac3713d1f4aea07dae8dcc0d1c9867d27ea82a3ba4e6158a42206f959b
2024-10-08 02:29:20,902 - Exiting the system.
2024-10-08 02:30:27,828 - Secure system initialized.
2024-10-08 02:30:33,698 - Nurse role activated.
2024-10-08 02:31:03,965 - Secure system initialized.
2024-10-08 02:31:07,394 - Nurse role activated.
2024-10-08 02:31:08,482 - Encrypted Data: 5e8b9c171a535b1be1c2ee05f3f196b6ee6c292a0f001be0cfad678e6ce491a205b77b1f3e88996ac6df2d2592cc882b6548c70a4695464a24f5ef105fa8dfcae513e808b71474e861b66671dd5c226914b894478a59f71ba39bbf37157207b84c6f699b548375f2e8eb53317a3251c13434855beebde28179de59d4170619301602e69e5676ff824434196984cfbb21d41e4a7ff8c0ee260e1592f36e07556ae5046cc344cde5194fa5d34c469ff371bdc162d57f4b606d9665db8cc810794c2be4c06c7e84f55318a4675d77929392d589d54e1de93dd621eb4a82e8888b794ecef85f4134463beea4ff9527303cc4dcf3be771d46534b6954f8180125e05b
2024-10-08 02:31:35,849 - Secure system initialized.
2024-10-08 02:31:38,349 - Nurse role activated.
2024-10-08 02:31:39,572 - Encrypted Data: 58169f18fcce0b2b9b92259979efa8579922db4e153066408918bb6238f72aea42754c50885edd5306886f96dec49673b1a2a02a264c44e986e8bb924cbc27eecb4e175d46d6e1935cef9630825c266f217336977e42e702a4280c9be6c3a5b0931f23aa932ec2c110aca609da581fac8afe907fdbf1262ad717ef3140c4009daa228f191c20b37bd0745ad014817b542365162f4ea586972ca0c4d8b84f331482395441ba71fc0054b83030b9c3ee669fc645280469fa925c3f667a247161f6b13b2c6747b455cd55203a1fd191114a41d5032193a8126390265c1f506cd6f60c94dc725d2953854354aad36ce5d1dd8212a535700a0f293938aa787c703198
2024-10-08 02:31:39,573 - Digital Signature: (551293905832251886876779834926394017184606217128431558143312211760188649079761791559099714546087905400079331585276172788224070349714459662498057755622740, 4714788258718355084072831752070033112025842517485865255778000768950637773021848959390369323353703054555297056903853358786949700060578010459660829601243)
2024-10-08 02:31:46,864 - Doctor role activated.
2024-10-08 02:31:46,922 - Signature verification failed.
2024-10-08 02:52:22,195 - Secure system initialized.
2024-10-08 02:52:25,625 - Nurse role activated.
2024-10-08 02:52:26,548 - Encrypted Data: (7448663988337943485794791061122900400833805099064637037156608957896393470326939356317267583065025356165541409108672457131315161281828508394680652053168319, 4189637684703339881944579203563307157309399351354796685173674509075417299921103659936415897748953605876597218180214644588551715434126534750691804892741129)
2024-10-08 02:52:26,593 - Digital Signature: 570e50072cabba033cb6618ac1f407e04f14a289590d6e46b3d50c81093bce4faf50d61bbe8b4dca2ace11938bdffd44b161ceec4f3ddf155e13da45b67488876d3b2728fd8c19017a73ba1772ddddf6a16febacd0cb2ab0a1dd6c79b1537244c706d7760310523636f34c0c19f2c446e9f2cab2f3c3f72a1480d64f09d4224cd2fb2549731b58c5eb600f941bac3ba92a14e2c754fa95446814f34dcbb52c9443fbd445974c3da638c3678b21880fdf4cb109d7430468510761f40df0a35bf543f97fe5c0b22747aefe5be7a55fd183b9c23be22a225d9c0be31d690c726977802c56f75eb9e174ac7ff7323028c107e934df04a1a2f20cd43a09a36fbf772f
2024-10-08 02:52:36,671 - Doctor role activated.
2024-10-08 02:52:36,673 - Signature verified successfully.
2024-10-08 02:52:40,754 - Prescription written: 3
2024-10-08 02:52:42,013 - Technician role activated.
2024-10-08 02:52:42,013 - Message Digest created: 4e07408562bedb8b60ce05c1decfe3ad16b72230967de01f640b7e4729b49fce
2024-10-08 02:52:45,140 - Exiting the system.
2024-10-08 02:52:49,506 - Secure system initialized.
2024-10-08 02:52:53,287 - Nurse role activated.
2024-10-08 02:52:54,452 - Encrypted Data: (9215299934799998113137466391893868062729353383837698561115119010894156349583097759495846370581461494961161165923787482455060055455862950314585341653048670, 2770273145740056705499230651996057069331741258499193465335667180851062993119200502591232157945065869364443765647210611946418604081376635571415866248733520)
2024-10-08 02:52:54,495 - Digital Signature: 14b56a6d3c6c33fd31ca8b50c00cc2f5ef1b1dc3f71e07263b1630049c5e1fe7b3b0284408fda960875c19d11b19b2af59c562923f6d7579ac8ef1db7c0f1b442191e09e2bda3a831745f1e258290f2de6890befe60a96623477bda36465d8aa33714f3c32edf0b6f9a6c9a534c88fcae2dd46288491006400733cd084bc7f6f4f0a547523d1c26e94685792981b4017527fca9ec2ed06753de2c4657694a5d31b4a7e4ce1610aca526cafe817c48e4834b43bc427120dcc0606ba9b082cebc6b7faa4898d7196068ea9c246bc6ef0400c18f3ebf26b36635a251ee9c303cecc89ebc9bbe93433e45bc728a7e08091a684ede89e16d9d23e0b614dff795f84b7
2024-10-08 02:53:00,409 - Doctor role activated.
2024-10-08 02:53:00,410 - Signature verified successfully.
2024-10-08 02:53:02,828 - Prescription written: 3
2024-10-08 02:53:04,003 - Technician role activated.
2024-10-08 02:53:04,004 - Message Digest created: 3bafbf08882a2d10133093a1b8433f50563b93c14acd05b79028eb1d12799027241450980651994501423a66c276ae26c43b739bc65c4e16b10c3af6c202aebb
2024-10-08 02:53:05,903 - Exiting the system.
